<?xml version="1.0" encoding="UTF-8"?>
<!-- Generated by org.testng.reporters.JUnitReportReporter -->
<testsuite hostname="SAIKRISHNARAJUARRAM" failures="0" tests="2" name="com.TestOrange.TestOrange" time="10.485" errors="0" timestamp="2024-11-16T21:10:12 IST" skipped="0">
  <testcase classname="com.TestOrange.TestOrange" name="methodtest2" time="2.601"/>
  <testcase classname="com.TestOrange.TestOrange" name="methodtest" time="7.884"/>
</testsuite> <!-- com.TestOrange.TestOrange -->
